<?xml version="1.0" encoding="UTF-8"?>
<testng-results skipped="0" failed="0" ignored="0" total="2" passed="2">
  <reporter-output>
  </reporter-output>
  <suite name="Default suite" duration-ms="96" started-at="2022-04-05T03:10:55 IST" finished-at="2022-04-05T03:10:55 IST">
    <groups>
    </groups>
    <test name="Default test" duration-ms="96" started-at="2022-04-05T03:10:55 IST" finished-at="2022-04-05T03:10:55 IST">
      <class name="com.testng.maven.NewTest">
        <test-method status="PASS" signature="beforeSuite()[pri:0, instance:com.testng.maven.NewTest@42d8062c]" name="beforeSuite" is-config="true" duration-ms="196" started-at="2022-04-05T03:10:54 IST" finished-at="2022-04-05T03:10:55 IST">
          <reporter-output>
          </reporter-output>
        </test-method> <!-- beforeSuite -->
        <test-method status="PASS" signature="beforeTest()[pri:0, instance:com.testng.maven.NewTest@42d8062c]" name="beforeTest" is-config="true" duration-ms="1" started-at="2022-04-05T03:10:55 IST" finished-at="2022-04-05T03:10:55 IST">
          <reporter-output>
          </reporter-output>
        </test-method> <!-- beforeTest -->
        <test-method status="PASS" signature="beforeClass()[pri:0, instance:com.testng.maven.NewTest@42d8062c]" name="beforeClass" is-config="true" duration-ms="1" started-at="2022-04-05T03:10:55 IST" finished-at="2022-04-05T03:10:55 IST">
          <reporter-output>
          </reporter-output>
        </test-method> <!-- beforeClass -->
        <test-method status="PASS" signature="beforeMethod()[pri:0, instance:com.testng.maven.NewTest@42d8062c]" name="beforeMethod" is-config="true" duration-ms="0" started-at="2022-04-05T03:10:55 IST" finished-at="2022-04-05T03:10:55 IST">
          <reporter-output>
          </reporter-output>
        </test-method> <!-- beforeMethod -->
        <test-method status="PASS" signature="f(java.lang.Integer,java.lang.String)[pri:0, instance:com.testng.maven.NewTest@42d8062c]" name="f" duration-ms="7" started-at="2022-04-05T03:10:55 IST" data-provider="dp" finished-at="2022-04-05T03:10:55 IST">
          <params>
            <param index="0">
              <value>
                <![CDATA[1]]>
              </value>
            </param>
            <param index="1">
              <value>
                <![CDATA[a]]>
              </value>
            </param>
          </params>
          <reporter-output>
          </reporter-output>
        </test-method> <!-- f -->
        <test-method status="PASS" signature="afterMethod()[pri:0, instance:com.testng.maven.NewTest@42d8062c]" name="afterMethod" is-config="true" duration-ms="5" started-at="2022-04-05T03:10:55 IST" finished-at="2022-04-05T03:10:55 IST">
          <reporter-output>
          </reporter-output>
        </test-method> <!-- afterMethod -->
        <test-method status="PASS" signature="beforeMethod()[pri:0, instance:com.testng.maven.NewTest@42d8062c]" name="beforeMethod" is-config="true" duration-ms="1" started-at="2022-04-05T03:10:55 IST" finished-at="2022-04-05T03:10:55 IST">
          <reporter-output>
          </reporter-output>
        </test-method> <!-- beforeMethod -->
        <test-method status="PASS" signature="f(java.lang.Integer,java.lang.String)[pri:0, instance:com.testng.maven.NewTest@42d8062c]" name="f" duration-ms="1" started-at="2022-04-05T03:10:55 IST" data-provider="dp" finished-at="2022-04-05T03:10:55 IST">
          <params>
            <param index="0">
              <value>
                <![CDATA[2]]>
              </value>
            </param>
            <param index="1">
              <value>
                <![CDATA[b]]>
              </value>
            </param>
          </params>
          <reporter-output>
          </reporter-output>
        </test-method> <!-- f -->
        <test-method status="PASS" signature="afterMethod()[pri:0, instance:com.testng.maven.NewTest@42d8062c]" name="afterMethod" is-config="true" duration-ms="0" started-at="2022-04-05T03:10:55 IST" finished-at="2022-04-05T03:10:55 IST">
          <reporter-output>
          </reporter-output>
        </test-method> <!-- afterMethod -->
        <test-method status="PASS" signature="afterClass()[pri:0, instance:com.testng.maven.NewTest@42d8062c]" name="afterClass" is-config="true" duration-ms="1" started-at="2022-04-05T03:10:55 IST" finished-at="2022-04-05T03:10:55 IST">
          <reporter-output>
          </reporter-output>
        </test-method> <!-- afterClass -->
        <test-method status="PASS" signature="afterTest()[pri:0, instance:com.testng.maven.NewTest@42d8062c]" name="afterTest" is-config="true" duration-ms="1" started-at="2022-04-05T03:10:55 IST" finished-at="2022-04-05T03:10:55 IST">
          <reporter-output>
          </reporter-output>
        </test-method> <!-- afterTest -->
        <test-method status="PASS" signature="afterSuite()[pri:0, instance:com.testng.maven.NewTest@42d8062c]" name="afterSuite" is-config="true" duration-ms="0" started-at="2022-04-05T03:10:56 IST" finished-at="2022-04-05T03:10:56 IST">
          <reporter-output>
          </reporter-output>
        </test-method> <!-- afterSuite -->
      </class> <!-- com.testng.maven.NewTest -->
    </test> <!-- Default test -->
  </suite> <!-- Default suite -->
</testng-results>
